2026-04-18 03:18:25,700  INFO      Starting continuous scrape loop. Press Ctrl+C to stop.
2026-04-18 03:18:25,700  INFO      ============================================================
2026-04-18 03:18:25,700  INFO      Cycle 1 started
2026-04-18 03:18:25,700  INFO      Running: C:\Users\maxwe\AppData\Local\Programs\Python\Python312\python.exe C:\Users\maxwe\PromProjects\news-source-classification\src\collect_urls.py --output C:\Users\maxwe\PromProjects\news-source-classification\data\raw\latest_collected_urls.csv --per-source 40 --timeout 20 --max-retries 3 --delay 0.8
2026-04-18 03:18:32,045  INFO      Cycle 1: added 40 new URLs to C:\Users\maxwe\PromProjects\news-source-classification\data\raw\original_urls.csv
2026-04-18 03:18:32,045  INFO      Running: C:\Users\maxwe\AppData\Local\Programs\Python\Python312\python.exe C:\Users\maxwe\PromProjects\news-source-classification\src\scrape.py --urls C:\Users\maxwe\PromProjects\news-source-classification\data\raw\original_urls.csv --output C:\Users\maxwe\PromProjects\news-source-classification\data\scraped\raw_scraped_headlines.csv --resume --delay 1.0 --timeout 15 --max-retries 3
2026-04-18 03:20:33,598  INFO      Cycle 1 complete. Sleeping 300.0 seconds.
2026-04-18 03:25:33,599  INFO      ============================================================
2026-04-18 03:25:33,601  INFO      Cycle 2 started
2026-04-18 03:25:33,604  INFO      Running: C:\Users\maxwe\AppData\Local\Programs\Python\Python312\python.exe C:\Users\maxwe\PromProjects\news-source-classification\src\collect_urls.py --output C:\Users\maxwe\PromProjects\news-source-classification\data\raw\latest_collected_urls.csv --per-source 40 --timeout 20 --max-retries 3 --delay 0.8
2026-04-18 03:25:39,420  INFO      Cycle 2: added 60 new URLs to C:\Users\maxwe\PromProjects\news-source-classification\data\raw\original_urls.csv
2026-04-18 03:25:39,420  INFO      Running: C:\Users\maxwe\AppData\Local\Programs\Python\Python312\python.exe C:\Users\maxwe\PromProjects\news-source-classification\src\scrape.py --urls C:\Users\maxwe\PromProjects\news-source-classification\data\raw\original_urls.csv --output C:\Users\maxwe\PromProjects\news-source-classification\data\scraped\raw_scraped_headlines.csv --resume --delay 1.0 --timeout 15 --max-retries 3
2026-04-18 03:26:40,608  INFO      Cycle 2 complete. Sleeping 300.0 seconds.
2026-04-18 03:31:40,609  INFO      ============================================================
2026-04-18 03:31:40,609  INFO      Cycle 3 started
2026-04-18 03:31:40,610  INFO      Running: C:\Users\maxwe\AppData\Local\Programs\Python\Python312\python.exe C:\Users\maxwe\PromProjects\news-source-classification\src\collect_urls.py --output C:\Users\maxwe\PromProjects\news-source-classification\data\raw\latest_collected_urls.csv --per-source 40 --timeout 20 --max-retries 3 --delay 0.8
2026-04-18 03:34:34,938  INFO      Stopped by user after 3 cycle(s).
2026-04-18 03:34:36,442  INFO      Starting continuous scrape loop. Press Ctrl+C to stop.
2026-04-18 03:34:36,443  INFO      ============================================================
2026-04-18 03:34:36,443  INFO      Cycle 1 started
2026-04-18 03:34:36,443  INFO      Running: C:\Users\maxwe\AppData\Local\Programs\Python\Python312\python.exe C:\Users\maxwe\PromProjects\news-source-classification\src\collect_urls.py --output C:\Users\maxwe\PromProjects\news-source-classification\data\raw\latest_collected_urls.csv --per-source 200 --mode backfill --state-file C:\Users\maxwe\PromProjects\news-source-classification\data\raw\collect_urls_state.json --timeout 20 --max-retries 3 --delay 0.8 --max-sitemaps 2500
2026-04-18 03:34:53,702  INFO      Stopped by user after 1 cycle(s).
2026-04-18 03:35:51,426  INFO      Starting continuous scrape loop. Press Ctrl+C to stop.
2026-04-18 03:35:51,426  INFO      ============================================================
2026-04-18 03:35:51,426  INFO      Cycle 1 started
2026-04-18 03:35:51,426  INFO      Running: C:\Users\maxwe\AppData\Local\Programs\Python\Python312\python.exe C:\Users\maxwe\PromProjects\news-source-classification\src\collect_urls.py --output C:\Users\maxwe\PromProjects\news-source-classification\data\raw\latest_collected_urls.csv --per-source 200 --mode backfill --state-file C:\Users\maxwe\PromProjects\news-source-classification\data\raw\collect_urls_state.json --timeout 20 --max-retries 3 --delay 0.8 --max-sitemaps 2500
2026-04-18 03:36:11,336  INFO      Stopped by user after 1 cycle(s).
2026-04-18 03:36:31,736  INFO      Starting continuous scrape loop. Press Ctrl+C to stop.
2026-04-18 03:36:31,736  INFO      ============================================================
2026-04-18 03:36:31,736  INFO      Cycle 1 started
2026-04-18 03:36:31,736  INFO      Running: C:\Users\maxwe\AppData\Local\Programs\Python\Python312\python.exe C:\Users\maxwe\PromProjects\news-source-classification\src\collect_urls.py --output C:\Users\maxwe\PromProjects\news-source-classification\data\raw\latest_collected_urls.csv --per-source 200 --mode backfill --state-file C:\Users\maxwe\PromProjects\news-source-classification\data\raw\collect_urls_state.json --timeout 20 --max-retries 3 --delay 0.8 --max-sitemaps 2500
2026-04-18 04:18:02,261  INFO      Stopped by user after 1 cycle(s).
2026-04-18 04:18:22,457  INFO      Starting continuous scrape loop. Press Ctrl+C to stop.
2026-04-18 04:18:22,458  INFO      ============================================================
2026-04-18 04:18:22,458  INFO      Cycle 1 started
2026-04-18 04:18:22,459  INFO      Running: C:\Users\maxwe\AppData\Local\Programs\Python\Python312\python.exe C:\Users\maxwe\PromProjects\news-source-classification\src\collect_urls.py --output C:\Users\maxwe\PromProjects\news-source-classification\data\raw\latest_collected_urls.csv --per-source 0 --mode backfill --state-file C:\Users\maxwe\PromProjects\news-source-classification\data\raw\collect_urls_state.json --timeout 20 --max-retries 3 --delay 0.8 --max-sitemaps 25
2026-04-18 04:19:56,313  INFO      Cycle 1: added 117161 new URLs to C:\Users\maxwe\PromProjects\news-source-classification\data\raw\original_urls.csv
2026-04-18 04:19:56,329  INFO      Running: C:\Users\maxwe\AppData\Local\Programs\Python\Python312\python.exe C:\Users\maxwe\PromProjects\news-source-classification\src\scrape.py --urls C:\Users\maxwe\PromProjects\news-source-classification\data\raw\original_urls.csv --output C:\Users\maxwe\PromProjects\news-source-classification\data\scraped\raw_scraped_headlines.csv --resume --delay 1.0 --timeout 15 --max-retries 3
2026-04-18 04:21:15,456  INFO      Stopped by user after 1 cycle(s).
2026-04-18 04:21:21,481  INFO      Starting continuous scrape loop. Press Ctrl+C to stop.
2026-04-18 04:21:21,481  INFO      ============================================================
2026-04-18 04:21:21,481  INFO      Cycle 1 started
2026-04-18 04:21:21,481  INFO      Running: C:\Users\maxwe\AppData\Local\Programs\Python\Python312\python.exe C:\Users\maxwe\PromProjects\news-source-classification\src\collect_urls.py --output C:\Users\maxwe\PromProjects\news-source-classification\data\raw\latest_collected_urls.csv --per-source 10 --mode backfill --state-file C:\Users\maxwe\PromProjects\news-source-classification\data\raw\collect_urls_state.json --timeout 20 --max-retries 3 --delay 0.8 --max-sitemaps 25
2026-04-18 04:22:53,790  INFO      Cycle 1: added 0 new URLs to C:\Users\maxwe\PromProjects\news-source-classification\data\raw\original_urls.csv
2026-04-18 04:22:53,790  INFO      Running: C:\Users\maxwe\AppData\Local\Programs\Python\Python312\python.exe C:\Users\maxwe\PromProjects\news-source-classification\src\scrape.py --urls C:\Users\maxwe\PromProjects\news-source-classification\data\raw\original_urls.csv --output C:\Users\maxwe\PromProjects\news-source-classification\data\scraped\raw_scraped_headlines.csv --resume --delay 1.0 --timeout 15 --max-retries 3
2026-04-18 04:24:24,128  INFO      Stopped by user after 1 cycle(s).
2026-04-18 04:24:35,126  INFO      Starting continuous scrape loop. Press Ctrl+C to stop.
2026-04-18 04:24:35,126  INFO      ============================================================
2026-04-18 04:24:35,126  INFO      Cycle 1 started
2026-04-18 04:24:35,126  INFO      Running: C:\Users\maxwe\AppData\Local\Programs\Python\Python312\python.exe C:\Users\maxwe\PromProjects\news-source-classification\src\collect_urls.py --output C:\Users\maxwe\PromProjects\news-source-classification\data\raw\latest_collected_urls.csv --per-source 0 --mode backfill --state-file C:\Users\maxwe\PromProjects\news-source-classification\data\raw\collect_urls_state.json --timeout 20 --max-retries 3 --delay 0.8 --max-sitemaps 2500
2026-04-18 04:27:42,560  INFO      Stopped by user after 1 cycle(s).
2026-04-18 04:30:05,358  INFO      Starting continuous scrape loop. Press Ctrl+C to stop.
2026-04-18 04:30:05,358  INFO      ============================================================
2026-04-18 04:30:05,358  INFO      Cycle 1 started
2026-04-18 04:30:05,358  INFO      Running: C:\Users\maxwe\AppData\Local\Programs\Python\Python312\python.exe C:\Users\maxwe\PromProjects\news-source-classification\src\collect_urls.py --output C:\Users\maxwe\PromProjects\news-source-classification\data\raw\latest_collected_urls.csv --per-source 0 --mode backfill --state-file C:\Users\maxwe\PromProjects\news-source-classification\data\raw\collect_urls_state.json --timeout 20 --max-retries 3 --delay 0.8 --max-sitemaps 1500 --max-sitemaps-foxnews 25 --max-sitemaps-nbc 400
2026-04-18 04:38:34,188  INFO      Cycle 1: added 54771 new URLs to C:\Users\maxwe\PromProjects\news-source-classification\data\raw\original_urls.csv
2026-04-18 04:38:34,188  INFO      Running: C:\Users\maxwe\AppData\Local\Programs\Python\Python312\python.exe C:\Users\maxwe\PromProjects\news-source-classification\src\scrape.py --urls C:\Users\maxwe\PromProjects\news-source-classification\data\raw\original_urls.csv --output C:\Users\maxwe\PromProjects\news-source-classification\data\scraped\raw_scraped_headlines.csv --resume --delay 1.0 --timeout 15 --max-retries 3
2026-04-18 15:22:10,673  INFO      Stopped by user after 1 cycle(s).
2026-04-18 12:36:12,886  INFO      Starting continuous scrape loop. Press Ctrl+C to stop.
2026-04-18 12:36:12,984  INFO      ============================================================
2026-04-18 12:36:12,984  INFO      Cycle 1 started
2026-04-18 12:36:12,984  INFO      Running: C:\Users\hello\PromProjects\news-source-classification\venv\Scripts\python.exe C:\Users\hello\PromProjects\news-source-classification\src\collect_urls.py --output C:\Users\hello\PromProjects\news-source-classification\data\raw\latest_collected_urls.csv --per-source 0 --mode backfill --state-file C:\Users\hello\PromProjects\news-source-classification\data\raw\collect_urls_state.json --timeout 20 --max-retries 3 --delay 0.8 --max-sitemaps 1500 --max-sitemaps-foxnews 25 --max-sitemaps-nbc 400
2026-04-18 12:48:24,899  INFO      Cycle 1: added 352 new URLs to C:\Users\hello\PromProjects\news-source-classification\data\raw\original_urls.csv
2026-04-18 12:48:24,900  INFO      Running: C:\Users\hello\PromProjects\news-source-classification\venv\Scripts\python.exe C:\Users\hello\PromProjects\news-source-classification\src\scrape.py --urls C:\Users\hello\PromProjects\news-source-classification\data\raw\original_urls.csv --output C:\Users\hello\PromProjects\news-source-classification\data\scraped\raw_scraped_headlines.csv --resume --delay 1.0 --timeout 15 --max-retries 3
2026-04-18 22:42:12,687  INFO      Starting continuous scrape loop. Press Ctrl+C to stop.
2026-04-18 22:42:12,688  INFO      ============================================================
2026-04-18 22:42:12,688  INFO      Cycle 1 started
2026-04-18 22:42:12,688  INFO      Running: C:\Users\hello\anaconda3\python.exe C:\Users\hello\PromProjects\news-source-classification\src\collect_urls.py --output C:\Users\hello\PromProjects\news-source-classification\data\raw\latest_collected_urls.csv --per-source 0 --mode backfill --state-file C:\Users\hello\PromProjects\news-source-classification\data\raw\collect_urls_state.json --timeout 20 --max-retries 3 --delay 0.8 --max-sitemaps 1500 --max-sitemaps-foxnews 0 --max-sitemaps-nbc 400
2026-04-18 22:52:55,844  INFO      Cycle 1: added 43 new URLs to C:\Users\hello\PromProjects\news-source-classification\data\raw\original_urls.csv
2026-04-18 22:52:55,845  INFO      Running: C:\Users\hello\anaconda3\python.exe C:\Users\hello\PromProjects\news-source-classification\src\scrape.py --urls C:\Users\hello\PromProjects\news-source-classification\data\raw\original_urls.csv --output C:\Users\hello\PromProjects\news-source-classification\data\scraped\raw_scraped_headlines.csv --resume --delay 1.0 --timeout 15 --max-retries 3
2026-04-18 22:56:51,903  INFO      Stopped by user after 1 cycle(s).
2026-04-18 23:04:53,484  INFO      Starting continuous scrape loop. Press Ctrl+C to stop.
2026-04-18 23:04:53,484  INFO      ============================================================
2026-04-18 23:04:53,485  INFO      Cycle 1 started
2026-04-18 23:04:53,485  INFO      Running: C:\Users\hello\anaconda3\python.exe C:\Users\hello\PromProjects\news-source-classification\src\collect_urls.py --output C:\Users\hello\PromProjects\news-source-classification\data\raw\latest_collected_urls.csv --per-source 0 --mode backfill --state-file C:\Users\hello\PromProjects\news-source-classification\data\raw\collect_urls_state.json --timeout 20 --max-retries 3 --delay 0.8 --max-sitemaps 1500 --max-sitemaps-foxnews 0 --max-sitemaps-nbc 0
2026-04-18 23:05:21,417  INFO      Cycle 1: added 1 new URLs to C:\Users\hello\PromProjects\news-source-classification\data\raw\original_urls.csv
2026-04-18 23:05:21,418  INFO      Running: C:\Users\hello\anaconda3\python.exe C:\Users\hello\PromProjects\news-source-classification\src\scrape.py --urls C:\Users\hello\PromProjects\news-source-classification\data\raw\original_urls.csv --output C:\Users\hello\PromProjects\news-source-classification\data\scraped\raw_scraped_headlines.csv --resume --delay 1.0 --timeout 15 --max-retries 3
2026-04-18 23:08:41,382  INFO      Stopped by user after 1 cycle(s).
2026-04-18 23:18:30,849  INFO      Starting continuous scrape loop. Press Ctrl+C to stop.
2026-04-18 23:18:30,849  INFO      ============================================================
2026-04-18 23:18:30,850  INFO      Cycle 1 started
2026-04-18 23:18:30,850  INFO      Running: C:\Users\hello\anaconda3\python.exe C:\Users\hello\PromProjects\news-source-classification\src\collect_urls.py --output C:\Users\hello\PromProjects\news-source-classification\data\raw\latest_collected_urls.csv --per-source 0 --mode backfill --state-file C:\Users\hello\PromProjects\news-source-classification\data\raw\collect_urls_state.json --timeout 20 --max-retries 3 --delay 0.8 --max-sitemaps 1500 --max-sitemaps-foxnews 0 --max-sitemaps-nbc 0
2026-04-18 23:18:58,625  INFO      Cycle 1: added 0 new URLs to C:\Users\hello\PromProjects\news-source-classification\data\raw\original_urls.csv
2026-04-18 23:18:58,625  INFO      Running: C:\Users\hello\anaconda3\python.exe C:\Users\hello\PromProjects\news-source-classification\src\scrape.py --urls C:\Users\hello\PromProjects\news-source-classification\data\raw\original_urls.csv --output C:\Users\hello\PromProjects\news-source-classification\data\scraped\raw_scraped_headlines.csv --resume --delay 1.0 --timeout 15 --max-retries 3
2026-04-18 23:28:05,492  INFO      Stopped by user after 1 cycle(s).
2026-04-18 23:28:07,859  INFO      Starting continuous scrape loop. Press Ctrl+C to stop.
2026-04-18 23:28:07,859  INFO      ============================================================
2026-04-18 23:28:07,859  INFO      Cycle 1 started
2026-04-18 23:28:07,860  INFO      Running: C:\Users\hello\anaconda3\python.exe C:\Users\hello\PromProjects\news-source-classification\src\collect_urls.py --output C:\Users\hello\PromProjects\news-source-classification\data\raw\latest_collected_urls.csv --per-source 0 --mode backfill --state-file C:\Users\hello\PromProjects\news-source-classification\data\raw\collect_urls_state.json --timeout 20 --max-retries 3 --delay 0.8 --max-sitemaps 1500 --max-sitemaps-foxnews 0 --max-sitemaps-nbc 0
2026-04-18 23:28:35,090  INFO      Cycle 1: added 0 new URLs to C:\Users\hello\PromProjects\news-source-classification\data\raw\original_urls.csv
2026-04-18 23:28:35,090  INFO      Running: C:\Users\hello\anaconda3\python.exe C:\Users\hello\PromProjects\news-source-classification\src\scrape.py --urls C:\Users\hello\PromProjects\news-source-classification\data\raw\original_urls.csv --output C:\Users\hello\PromProjects\news-source-classification\data\scraped\raw_scraped_headlines.csv --resume --delay 1.0 --timeout 15 --max-retries 3
2026-04-19 09:54:56,636  INFO      Starting continuous scrape loop. Press Ctrl+C to stop.
2026-04-19 09:54:56,637  INFO      ============================================================
2026-04-19 09:54:56,637  INFO      Cycle 1 started
2026-04-19 09:54:56,638  INFO      Running: C:\Users\hello\anaconda3\python.exe C:\Users\hello\PromProjects\news-source-classification\src\collect_urls.py --output C:\Users\hello\PromProjects\news-source-classification\data\raw\latest_collected_urls.csv --per-source 0 --mode backfill --state-file C:\Users\hello\PromProjects\news-source-classification\data\raw\collect_urls_state.json --timeout 20 --max-retries 3 --delay 0.8 --max-sitemaps 1500 --max-sitemaps-foxnews 0 --max-sitemaps-nbc 0
2026-04-19 09:55:29,030  INFO      Cycle 1: added 58 new URLs to C:\Users\hello\PromProjects\news-source-classification\data\raw\original_urls.csv
2026-04-19 09:55:29,031  INFO      Running: C:\Users\hello\anaconda3\python.exe C:\Users\hello\PromProjects\news-source-classification\src\scrape.py --urls C:\Users\hello\PromProjects\news-source-classification\data\raw\original_urls.csv --output C:\Users\hello\PromProjects\news-source-classification\data\scraped\raw_scraped_headlines.csv --resume --delay 1.0 --timeout 15 --max-retries 3
2026-04-20 09:19:45,028  INFO      Stopped by user after 1 cycle(s).
2026-04-20 09:31:26,096  INFO      Starting continuous scrape loop. Press Ctrl+C to stop.
2026-04-20 09:31:26,096  INFO      ============================================================
2026-04-20 09:31:26,096  INFO      Cycle 1 started
2026-04-20 09:31:26,097  INFO      Running: C:\Users\hello\anaconda3\python.exe C:\Users\hello\PromProjects\news-source-classification\src\collect_urls.py --output C:\Users\hello\PromProjects\news-source-classification\data\raw\latest_collected_urls.csv --per-source 0 --mode backfill --state-file C:\Users\hello\PromProjects\news-source-classification\data\raw\collect_urls_state.json --timeout 20 --max-retries 3 --delay 0.8 --max-sitemaps 1500 --max-sitemaps-foxnews 0 --max-sitemaps-nbc 0
2026-04-20 09:31:53,466  INFO      Cycle 1: added 98 new URLs to C:\Users\hello\PromProjects\news-source-classification\data\raw\original_urls.csv
2026-04-20 09:31:53,467  INFO      Running: C:\Users\hello\anaconda3\python.exe C:\Users\hello\PromProjects\news-source-classification\src\scrape.py --urls C:\Users\hello\PromProjects\news-source-classification\data\raw\original_urls.csv --output C:\Users\hello\PromProjects\news-source-classification\data\scraped\raw_scraped_headlines.csv --resume --delay 1.0 --timeout 15 --max-retries 3
2026-04-20 09:34:48,601  INFO      Stopped by user after 1 cycle(s).
2026-04-20 09:35:37,304  INFO      Starting continuous scrape loop. Press Ctrl+C to stop.
2026-04-20 09:35:37,304  INFO      ============================================================
2026-04-20 09:35:37,304  INFO      Cycle 1 started
2026-04-20 09:35:37,304  INFO      Running: C:\Users\hello\anaconda3\python.exe C:\Users\hello\PromProjects\news-source-classification\src\collect_urls.py --output C:\Users\hello\PromProjects\news-source-classification\data\raw\latest_collected_urls.csv --per-source 0 --mode backfill --state-file C:\Users\hello\PromProjects\news-source-classification\data\raw\collect_urls_state.json --timeout 20 --max-retries 3 --delay 0.8 --max-sitemaps 1500 --max-sitemaps-foxnews 0 --max-sitemaps-nbc 0
2026-04-20 09:36:04,828  INFO      Cycle 1: added 4 new URLs to C:\Users\hello\PromProjects\news-source-classification\data\raw\original_urls.csv
2026-04-20 09:36:04,829  INFO      Running: C:\Users\hello\anaconda3\python.exe C:\Users\hello\PromProjects\news-source-classification\src\scrape.py --urls C:\Users\hello\PromProjects\news-source-classification\data\raw\original_urls.csv --output C:\Users\hello\PromProjects\news-source-classification\data\scraped\raw_scraped_headlines.csv --resume --delay 1.0 --timeout 15 --max-retries 3
2026-04-21 09:11:26,073  INFO      Stopped by user after 1 cycle(s).
