2026-04-18 02:26:26,111  ERROR     URL file not found: C:\Users\maxwe\PromProjects\news-source-classification\data\raw\original_urls.csv
2026-04-18 02:32:04,487  INFO      Loading URLs from: C:\Users\maxwe\PromProjects\news-source-classification\data\raw\original_urls.csv
2026-04-18 02:32:04,536  INFO      Explicit source column detected: 'source'
2026-04-18 02:32:04,554  INFO      Total URLs in file: 16
2026-04-18 02:32:04,554  INFO      URLs remaining to scrape: 16
2026-04-18 02:32:05,172  WARNING   FAIL  [FoxNews]  https://www.foxnews.com/politics/trump-campaign-raises-record-funds  → http_404
2026-04-18 02:32:06,810  WARNING   FAIL  [FoxNews]  https://www.foxnews.com/us/midwest-weather-severe-storms  → http_404
2026-04-18 02:32:08,652  WARNING   FAIL  [FoxNews]  https://www.foxnews.com/tech/ai-regulation-congress  → http_404
2026-04-18 02:32:10,197  WARNING   FAIL  [FoxNews]  https://www.foxnews.com/world/middle-east-tensions-escalate  → http_404
2026-04-18 02:32:12,036  WARNING   FAIL  [FoxNews]  https://www.foxnews.com/sports/nfl-draft-predictions  → http_404
2026-04-18 02:32:13,700  WARNING   FAIL  [FoxNews]  https://www.foxnews.com/health/new-vaccine-rollout  → http_404
2026-04-18 02:32:15,522  WARNING   FAIL  [FoxNews]  https://www.foxnews.com/politics/senate-votes-on-bill  → http_404
2026-04-18 02:32:17,399  WARNING   FAIL  [FoxNews]  https://www.foxnews.com/us/crime-rate-declining  → http_404
2026-04-18 02:32:19,302  WARNING   FAIL  [NBC]  https://www.nbcnews.com/politics/biden-addresses-congress  → http_404
2026-04-18 02:32:20,788  WARNING   FAIL  [NBC]  https://www.nbcnews.com/news/climate-change-report-released  → http_404
2026-04-18 02:32:22,375  WARNING   FAIL  [NBC]  https://www.nbcnews.com/health/pandemic-updates-today  → http_404
2026-04-18 02:32:23,937  WARNING   FAIL  [NBC]  https://www.nbcnews.com/world/ukraine-military-update  → http_404
2026-04-18 02:32:25,229  WARNING   FAIL  [NBC]  https://www.nbcnews.com/sports/march-madness-upsets  → http_404
2026-04-18 02:32:26,702  WARNING   FAIL  [NBC]  https://www.nbcnews.com/business/stock-market-closes-up  → http_404
2026-04-18 02:32:28,200  WARNING   FAIL  [NBC]  https://www.nbcnews.com/tech/spacex-rocket-launch-success  → http_404
2026-04-18 02:32:29,482  WARNING   FAIL  [NBC]  https://www.nbcnews.com/us/immigration-reform-debate  → http_404
2026-04-18 02:32:30,785  INFO      ============================================================
2026-04-18 02:32:30,785  INFO      Scraping complete.
2026-04-18 02:32:30,786  INFO        Processed:       16
2026-04-18 02:32:30,786  INFO        Success:         0  (0.0%)
2026-04-18 02:32:30,789  INFO        No headline:     0
2026-04-18 02:32:30,789  INFO        Fetch failed:    16
2026-04-18 02:32:30,789  INFO        Skipped:         0
2026-04-18 02:32:30,789  INFO        Output file:     C:\Users\maxwe\PromProjects\news-source-classification\data\scraped\raw_scraped_headlines.csv
2026-04-18 02:32:30,789  INFO      ============================================================
2026-04-18 02:44:40,747  INFO      Loading URLs from: C:\Users\maxwe\PromProjects\news-source-classification\data\raw\original_urls.csv
2026-04-18 02:44:40,749  INFO      Explicit source column detected: 'source'
2026-04-18 02:44:40,755  INFO      Total URLs in file: 16
2026-04-18 02:44:40,755  INFO      URLs remaining to scrape: 16
2026-04-18 02:44:43,297  WARNING   FAIL  [FoxNews]  https://www.foxnews.com/politics/trump-campaign-raises-record-funds  → http_404
2026-04-18 02:44:44,931  WARNING   FAIL  [FoxNews]  https://www.foxnews.com/us/midwest-weather-severe-storms  → http_404
2026-04-18 02:44:47,490  WARNING   FAIL  [FoxNews]  https://www.foxnews.com/tech/ai-regulation-congress  → http_404
2026-04-18 02:44:49,438  WARNING   FAIL  [FoxNews]  https://www.foxnews.com/world/middle-east-tensions-escalate  → http_404
2026-04-18 02:44:51,382  WARNING   FAIL  [FoxNews]  https://www.foxnews.com/sports/nfl-draft-predictions  → http_404
2026-04-18 02:44:53,021  WARNING   FAIL  [FoxNews]  https://www.foxnews.com/health/new-vaccine-rollout  → http_404
2026-04-18 02:44:54,736  WARNING   FAIL  [FoxNews]  https://www.foxnews.com/politics/senate-votes-on-bill  → http_404
2026-04-18 02:44:56,513  WARNING   FAIL  [FoxNews]  https://www.foxnews.com/us/crime-rate-declining  → http_404
2026-04-18 02:44:58,162  WARNING   FAIL  [NBC]  https://www.nbcnews.com/politics/biden-addresses-congress  → http_404
2026-04-18 02:44:59,504  WARNING   FAIL  [NBC]  https://www.nbcnews.com/news/climate-change-report-released  → http_404
2026-04-18 02:45:00,855  WARNING   FAIL  [NBC]  https://www.nbcnews.com/health/pandemic-updates-today  → http_404
2026-04-18 02:45:02,489  WARNING   FAIL  [NBC]  https://www.nbcnews.com/world/ukraine-military-update  → http_404
2026-04-18 02:45:04,116  WARNING   FAIL  [NBC]  https://www.nbcnews.com/sports/march-madness-upsets  → http_404
2026-04-18 02:45:05,422  WARNING   FAIL  [NBC]  https://www.nbcnews.com/business/stock-market-closes-up  → http_404
2026-04-18 02:45:06,977  WARNING   FAIL  [NBC]  https://www.nbcnews.com/tech/spacex-rocket-launch-success  → http_404
2026-04-18 02:45:08,656  WARNING   FAIL  [NBC]  https://www.nbcnews.com/us/immigration-reform-debate  → http_404
2026-04-18 02:45:09,882  INFO      ============================================================
2026-04-18 02:45:09,882  INFO      Scraping complete.
2026-04-18 02:45:09,882  INFO        Processed:       16
2026-04-18 02:45:09,882  INFO        Success:         0  (0.0%)
2026-04-18 02:45:09,886  INFO        No headline:     0
2026-04-18 02:45:09,886  INFO        Fetch failed:    16
2026-04-18 02:45:09,886  INFO        Skipped:         0
2026-04-18 02:45:09,886  INFO        Output file:     C:\Users\maxwe\PromProjects\news-source-classification\data\scraped\raw_scraped_headlines.csv
2026-04-18 02:45:09,886  INFO      ============================================================
2026-04-18 03:18:33,209  INFO      Loading URLs from: C:\Users\maxwe\PromProjects\news-source-classification\data\raw\original_urls.csv
2026-04-18 03:18:33,216  INFO      Explicit source column detected: 'source'
2026-04-18 03:18:33,220  INFO      Total URLs in file: 80
2026-04-18 03:18:33,223  INFO      Resume mode: 16 URLs already scraped, will skip them.
2026-04-18 03:18:33,224  INFO      URLs remaining to scrape: 80
2026-04-18 03:20:33,423  INFO      ============================================================
2026-04-18 03:20:33,423  INFO      Scraping complete.
2026-04-18 03:20:33,423  INFO        Processed:       80
2026-04-18 03:20:33,423  INFO        Success:         80  (100.0%)
2026-04-18 03:20:33,424  INFO        No headline:     0
2026-04-18 03:20:33,424  INFO        Fetch failed:    0
2026-04-18 03:20:33,424  INFO        Skipped:         0
2026-04-18 03:20:33,424  INFO        Output file:     C:\Users\maxwe\PromProjects\news-source-classification\data\scraped\raw_scraped_headlines.csv
2026-04-18 03:20:33,424  INFO      ============================================================
2026-04-18 03:25:40,498  INFO      Loading URLs from: C:\Users\maxwe\PromProjects\news-source-classification\data\raw\original_urls.csv
2026-04-18 03:25:40,503  INFO      Explicit source column detected: 'source'
2026-04-18 03:25:40,505  INFO      Total URLs in file: 80
2026-04-18 03:25:40,507  INFO      Resume mode: 96 URLs already scraped, will skip them.
2026-04-18 03:25:40,507  INFO      URLs remaining to scrape: 36
2026-04-18 03:26:40,471  INFO      ============================================================
2026-04-18 03:26:40,471  INFO      Scraping complete.
2026-04-18 03:26:40,471  INFO        Processed:       36
2026-04-18 03:26:40,471  INFO        Success:         36  (100.0%)
2026-04-18 03:26:40,471  INFO        No headline:     0
2026-04-18 03:26:40,471  INFO        Fetch failed:    0
2026-04-18 03:26:40,472  INFO        Skipped:         0
2026-04-18 03:26:40,472  INFO        Output file:     C:\Users\maxwe\PromProjects\news-source-classification\data\scraped\raw_scraped_headlines.csv
2026-04-18 03:26:40,472  INFO      ============================================================
2026-04-18 04:19:57,528  INFO      Loading URLs from: C:\Users\maxwe\PromProjects\news-source-classification\data\raw\original_urls.csv
2026-04-18 04:19:57,661  INFO      Explicit source column detected: 'source'
2026-04-18 04:19:57,694  INFO      Total URLs in file: 117161
2026-04-18 04:19:57,694  INFO      Resume mode: 0 URLs already scraped, will skip them.
2026-04-18 04:19:57,701  INFO      URLs remaining to scrape: 117161
2026-04-18 04:22:55,000  INFO      Loading URLs from: C:\Users\maxwe\PromProjects\news-source-classification\data\raw\original_urls.csv
2026-04-18 04:22:55,149  INFO      Explicit source column detected: 'source'
2026-04-18 04:22:55,153  INFO      Total URLs in file: 117161
2026-04-18 04:22:55,164  INFO      Resume mode: 58 URLs already scraped, will skip them.
2026-04-18 04:22:55,170  INFO      URLs remaining to scrape: 117103
2026-04-18 04:38:35,338  INFO      Loading URLs from: C:\Users\maxwe\PromProjects\news-source-classification\data\raw\original_urls.csv
2026-04-18 04:38:35,560  INFO      Explicit source column detected: 'source'
2026-04-18 04:38:35,585  INFO      Total URLs in file: 171932
2026-04-18 04:38:35,589  INFO      Resume mode: 126 URLs already scraped, will skip them.
2026-04-18 04:38:35,602  INFO      URLs remaining to scrape: 171806
2026-04-18 10:45:53,579  WARNING   FAIL  [FoxNews]  https://foxnews.com/person/p/robert-pittenger  → http_404
2026-04-18 10:46:17,329  WARNING   FAIL  [FoxNews]  https://foxnews.com/person/s/david-shulkin  → http_404
