2026-05-04 19:50:48,614  INFO      Loading clean dataset from: data\processed\clean_headlines.csv
2026-05-04 19:50:49,435  INFO      Total rows: 128861  |  Classes: {0: 81837, 1: 47024}
2026-05-04 19:50:49,546  INFO      train   n=90202  |  label-0=63.5%  label-1=36.5%
2026-05-04 19:50:49,546  INFO      val     n=19329  |  label-0=63.5%  label-1=36.5%
2026-05-04 19:50:49,547  INFO      test    n=19330  |  label-0=63.5%  label-1=36.5%
2026-05-04 19:50:50,397  INFO      Splits saved to: C:\Users\maxwe\PromProjects\news-source-classification\data\processed\splits
2026-05-04 19:50:50,397  INFO        train=90202  val=19329  test=19330
2026-05-06 01:46:04,195  INFO      Loading clean dataset from: C:\Users\maxwe\PromProjects\news-source-classification\data\processed\clean_headlines.csv
2026-05-06 01:46:04,740  INFO      Total rows: 68823  |  Classes: {0: 68823}
2026-05-06 01:46:04,800  INFO      train   n=48176  |  label-0=100.0%  label-1=0.0%
2026-05-06 01:46:04,801  INFO      val     n=10323  |  label-0=100.0%  label-1=0.0%
2026-05-06 01:46:04,801  INFO      test    n=10324  |  label-0=100.0%  label-1=0.0%
2026-05-06 01:46:05,389  INFO      Splits saved to: C:\Users\maxwe\PromProjects\news-source-classification\data\processed\splits
2026-05-06 01:46:05,389  INFO        train=48176  val=10323  test=10324
2026-05-06 01:46:37,702  INFO      Loading clean dataset from: data\processed\clean_headlines.csv
2026-05-06 01:46:38,577  INFO      Total rows: 114202  |  Classes: {0: 68818, 1: 45384}
2026-05-06 01:46:38,689  INFO      train   n=79941  |  label-0=60.3%  label-1=39.7%
2026-05-06 01:46:38,690  INFO      val     n=17130  |  label-0=60.3%  label-1=39.7%
2026-05-06 01:46:38,690  INFO      test    n=17131  |  label-0=60.3%  label-1=39.7%
2026-05-06 01:46:39,742  INFO      Splits saved to: data\processed\splits
2026-05-06 01:46:39,742  INFO        train=79941  val=17130  test=17131
2026-05-06 03:02:40,798  INFO      Loading clean dataset from: C:\Users\maxwe\PromProjects\news-source-classification\data\processed\clean_headlines.csv
2026-05-06 03:02:41,241  INFO      Total rows: 57101  |  Classes: {0: 30014, 1: 27087}
2026-05-06 03:02:41,288  INFO      train   n=39970  |  label-0=52.6%  label-1=47.4%
2026-05-06 03:02:41,289  INFO      val     n=8565  |  label-0=52.6%  label-1=47.4%
2026-05-06 03:02:41,289  INFO      test    n=8566  |  label-0=52.6%  label-1=47.4%
2026-05-06 03:02:41,783  INFO      Splits saved to: C:\Users\maxwe\PromProjects\news-source-classification\data\processed\splits
2026-05-06 03:02:41,783  INFO        train=39970  val=8565  test=8566
2026-05-06 03:05:35,320  INFO      Loading clean dataset from: C:\Users\maxwe\PromProjects\news-source-classification\data\processed\clean_headlines.csv
2026-05-06 03:05:36,078  INFO      Total rows: 114202  |  Classes: {0: 68818, 1: 45384}
2026-05-06 03:05:36,171  INFO      train   n=79941  |  label-0=60.3%  label-1=39.7%
2026-05-06 03:05:36,171  INFO      val     n=17130  |  label-0=60.3%  label-1=39.7%
2026-05-06 03:05:36,171  INFO      test    n=17131  |  label-0=60.3%  label-1=39.7%
2026-05-06 03:05:37,102  INFO      Splits saved to: C:\Users\maxwe\PromProjects\news-source-classification\data\processed\splits
2026-05-06 03:05:37,102  INFO        train=79941  val=17130  test=17131
2026-05-06 03:25:12,819  INFO      Loading clean dataset from: C:\Users\maxwe\PromProjects\news-source-classification\data\processed\clean_headlines.csv
2026-05-06 03:25:12,854  INFO      Total rows: 3799  |  Classes: {0: 2000, 1: 1799}
2026-05-06 03:25:12,860  INFO      train   n=2659  |  label-0=52.7%  label-1=47.3%
2026-05-06 03:25:12,860  INFO      val     n= 569  |  label-0=52.5%  label-1=47.5%
2026-05-06 03:25:12,861  INFO      test    n= 571  |  label-0=52.7%  label-1=47.3%
2026-05-06 03:25:12,905  INFO      Splits saved to: C:\Users\maxwe\PromProjects\news-source-classification\data\processed\splits
2026-05-06 03:25:12,905  INFO        train=2659  val=569  test=571
2026-05-06 03:55:47,843  INFO      Loading clean dataset from: C:\Users\maxwe\PromProjects\news-source-classification\data\processed\clean_headlines.csv
2026-05-06 03:55:47,903  INFO      Total rows: 7608  |  Classes: {0: 3997, 1: 3611}
2026-05-06 03:55:47,912  INFO      train   n=5325  |  label-0=52.5%  label-1=47.5%
2026-05-06 03:55:47,912  INFO      val     n=1141  |  label-0=52.5%  label-1=47.5%
2026-05-06 03:55:47,913  INFO      test    n=1142  |  label-0=52.5%  label-1=47.5%
2026-05-06 03:55:48,013  INFO      Splits saved to: C:\Users\maxwe\PromProjects\news-source-classification\data\processed\splits
2026-05-06 03:55:48,013  INFO        train=5325  val=1141  test=1142
2026-05-06 04:16:10,499  INFO      Loading clean dataset from: C:\Users\maxwe\PromProjects\news-source-classification\data\processed\clean_headlines.csv
2026-05-06 04:16:10,581  INFO      Total rows: 10002  |  Classes: {0: 5258, 1: 4744}
2026-05-06 04:16:10,594  INFO      train   n=7001  |  label-0=52.6%  label-1=47.4%
2026-05-06 04:16:10,595  INFO      val     n=1500  |  label-0=52.6%  label-1=47.4%
2026-05-06 04:16:10,595  INFO      test    n=1501  |  label-0=52.6%  label-1=47.4%
2026-05-06 04:16:10,699  INFO      Splits saved to: C:\Users\maxwe\PromProjects\news-source-classification\data\processed\splits
2026-05-06 04:16:10,700  INFO        train=7001  val=1500  test=1501
2026-05-06 11:06:09,977  INFO      Loading clean dataset from: C:\Users\maxwe\PromProjects\news-source-classification\data\processed\clean_headlines.csv
2026-05-06 11:06:10,179  INFO      Total rows: 20000  |  Classes: {0: 10513, 1: 9487}
2026-05-06 11:06:10,200  INFO      train   n=13999  |  label-0=52.6%  label-1=47.4%
2026-05-06 11:06:10,201  INFO      val     n=3000  |  label-0=52.6%  label-1=47.4%
2026-05-06 11:06:10,201  INFO      test    n=3001  |  label-0=52.5%  label-1=47.5%
2026-05-06 11:06:10,416  INFO      Splits saved to: C:\Users\maxwe\PromProjects\news-source-classification\data\processed\splits
2026-05-06 11:06:10,416  INFO        train=13999  val=3000  test=3001
