2026-05-04 21:57:18,447  INFO      Running 12 configs for 'stylometric'.
2026-05-04 21:58:30,258  INFO      
Top 5 by val_f1_macro:
             name  val_f1_macro  val_accuracy
STYLO_HGB_iter300      0.720367      0.737959
STYLO_HGB_iter100      0.717018      0.735682
    STYLO_RF_n100      0.703898      0.725801
    STYLO_RF_n500      0.703170      0.725076
    STYLO_RF_n300      0.702110      0.724145
2026-05-04 21:58:30,259  INFO      Best: STYLO_HGB_iter300  (val_f1_macro=0.7204)
2026-05-04 21:58:40,065  INFO      ========================================================
2026-05-04 21:58:40,065  INFO      BEST (stylometric): STYLO_HGB_iter300
2026-05-04 21:58:40,066  INFO        val F1-macro  = 0.7204
2026-05-04 21:58:40,066  INFO        test accuracy = 0.7457
2026-05-04 21:58:40,066  INFO        test F1-macro = 0.7295
2026-05-04 21:58:40,066  INFO      ========================================================
2026-05-04 21:58:40,083  INFO      Classification report:
              precision    recall  f1-score   support

     FoxNews       0.81      0.78      0.80     12276
         NBC       0.64      0.69      0.66      7054

    accuracy                           0.75     19330
   macro avg       0.73      0.73      0.73     19330
weighted avg       0.75      0.75      0.75     19330

2026-05-04 21:58:40,223  INFO      Saved model : C:\Users\maxwe\PromProjects\news-source-classification\models\stylometric_best.joblib
2026-05-04 21:58:40,223  INFO      Saved meta  : C:\Users\maxwe\PromProjects\news-source-classification\models\stylometric_best_metadata.json
2026-05-06 05:05:20,425  INFO      Running 12 configs for 'stylometric'.
2026-05-06 05:05:25,862  INFO      
Top 5 by val_f1_macro:
             name  val_f1_macro  val_accuracy
STYLO_HGB_iter300      0.671691      0.672000
STYLO_HGB_iter100      0.671402      0.672000
    STYLO_RF_n500      0.658183      0.659333
    STYLO_RF_n300      0.656950      0.658000
    STYLO_RF_n100      0.653528      0.654667
2026-05-06 05:05:25,863  INFO      Best: STYLO_HGB_iter300  (val_f1_macro=0.6717)
2026-05-06 05:05:27,038  INFO      ========================================================
2026-05-06 05:05:27,038  INFO      BEST (stylometric): STYLO_HGB_iter300
2026-05-06 05:05:27,038  INFO        val F1-macro  = 0.6717
2026-05-06 05:05:27,039  INFO        test accuracy = 0.7029
2026-05-06 05:05:27,039  INFO        test F1-macro = 0.7020
2026-05-06 05:05:27,039  INFO      ========================================================
2026-05-06 05:05:27,053  INFO      Classification report:
              precision    recall  f1-score   support

     FoxNews       0.72      0.72      0.72       789
         NBC       0.69      0.69      0.69       712

    accuracy                           0.70      1501
   macro avg       0.70      0.70      0.70      1501
weighted avg       0.70      0.70      0.70      1501

2026-05-06 05:05:27,135  INFO      Saved model : C:\Users\maxwe\PromProjects\news-source-classification\models\stylometric_best.joblib
2026-05-06 05:05:27,135  INFO      Saved meta  : C:\Users\maxwe\PromProjects\news-source-classification\models\stylometric_best_metadata.json
