2026-05-05 22:40:37,801  WARNING   xgboost not installed; skipping XGBoost sentence-embedding configs.
2026-05-05 22:40:37,801  WARNING   lightgbm not installed; skipping LightGBM sentence-embedding configs.
2026-05-05 22:40:37,801  INFO      Running 12 configs for 'sentence_embedding'.
2026-05-05 22:40:37,816  INFO      Use pytorch device_name: cpu
2026-05-05 22:40:37,816  INFO      Load pretrained SentenceTransformer: sentence-transformers/all-MiniLM-L6-v2
2026-05-05 22:45:02,688  INFO      Use pytorch device_name: cpu
2026-05-05 22:45:02,689  INFO      Load pretrained SentenceTransformer: sentence-transformers/all-MiniLM-L6-v2
2026-05-05 22:50:46,167  INFO      Use pytorch device_name: cpu
2026-05-05 22:50:46,167  INFO      Load pretrained SentenceTransformer: sentence-transformers/all-MiniLM-L6-v2
2026-05-05 22:58:08,640  INFO      Use pytorch device_name: cpu
2026-05-05 22:58:08,640  INFO      Load pretrained SentenceTransformer: sentence-transformers/all-mpnet-base-v2
2026-05-05 22:58:09,242  WARNING   Xet Storage is enabled for this repo, but the 'hf_xet' package is not installed. Falling back to regular HTTP download. For better performance, install the package with: `pip install huggingface_hub[hf_xet]` or `pip install hf_xet`
2026-05-05 23:25:43,510  INFO      Running 20 configs for 'sentence_embedding'.
2026-05-05 23:25:43,586  INFO      Use pytorch device_name: cpu
2026-05-05 23:25:43,586  INFO      Load pretrained SentenceTransformer: sentence-transformers/all-MiniLM-L6-v2
2026-05-05 23:34:04,142  INFO      Use pytorch device_name: cpu
2026-05-05 23:34:04,143  INFO      Load pretrained SentenceTransformer: sentence-transformers/all-mpnet-base-v2
2026-05-05 23:41:03,143  INFO      Use pytorch device_name: cpu
2026-05-05 23:41:03,143  INFO      Load pretrained SentenceTransformer: sentence-transformers/all-mpnet-base-v2
2026-05-06 05:06:46,340  INFO      Running 20 configs for 'sentence_embedding'.
2026-05-06 05:06:46,349  INFO      Use pytorch device_name: cpu
2026-05-06 05:06:46,349  INFO      Load pretrained SentenceTransformer: sentence-transformers/all-MiniLM-L6-v2
2026-05-06 05:07:10,040  INFO      Use pytorch device_name: cpu
2026-05-06 05:07:10,041  INFO      Load pretrained SentenceTransformer: sentence-transformers/all-mpnet-base-v2
2026-05-06 05:07:49,779  INFO      Use pytorch device_name: cpu
2026-05-06 05:07:49,780  INFO      Load pretrained SentenceTransformer: BAAI/bge-small-en-v1.5
2026-05-06 05:08:11,865  INFO      Use pytorch device_name: cpu
2026-05-06 05:08:11,866  INFO      Load pretrained SentenceTransformer: BAAI/bge-base-en-v1.5
2026-05-06 05:08:51,026  INFO      
Top 5 by val_f1_macro:
                        name  val_f1_macro  val_accuracy
    SE_all-mpnet-base-v2_mlp      0.754068      0.754667
     SE_bge-base-en-v1_5_mlp      0.748003      0.748667
SE_all-mpnet-base-v2_xgboost      0.736609      0.738000
 SE_bge-base-en-v1_5_xgboost      0.735370      0.736667
    SE_bge-small-en-v1_5_mlp      0.731400      0.732667
2026-05-06 05:08:51,027  INFO      Best: SE_all-mpnet-base-v2_mlp  (val_f1_macro=0.7541)
2026-05-06 05:12:46,888  INFO      ========================================================
2026-05-06 05:12:46,888  INFO      BEST (sentence_embedding): SE_all-mpnet-base-v2_mlp
2026-05-06 05:12:46,889  INFO        val F1-macro  = 0.7541
2026-05-06 05:12:46,890  INFO        test accuracy = 0.7781
2026-05-06 05:12:46,890  INFO        test F1-macro = 0.7777
2026-05-06 05:12:46,890  INFO      ========================================================
2026-05-06 05:12:46,908  INFO      Classification report:
              precision    recall  f1-score   support

     FoxNews       0.79      0.78      0.79       789
         NBC       0.76      0.77      0.77       712

    accuracy                           0.78      1501
   macro avg       0.78      0.78      0.78      1501
weighted avg       0.78      0.78      0.78      1501

2026-05-06 05:12:47,531  INFO      Saved model : C:\Users\maxwe\PromProjects\news-source-classification\models\sentence_embedding_best.joblib
2026-05-06 05:12:47,531  INFO      Saved meta  : C:\Users\maxwe\PromProjects\news-source-classification\models\sentence_embedding_best_metadata.json
