2026-05-04 21:51:02,907  INFO      Running 24 configs for 'char_ngram'.
2026-05-04 21:56:48,323  INFO      
Top 5 by val_f1_macro:
                                 name  val_f1_macro  val_accuracy
G5_CNG_combined_c46_wmf10000_cmf10000      0.812363      0.828910
 G5_CNG_combined_c36_wmf5000_cmf10000      0.811745      0.828289
  G5_CNG_combined_c46_wmf5000_cmf5000      0.806202      0.823478
        G3_CNG_LR_c36_mf10000_minimal      0.802631      0.819753
        G3_CNG_LR_c35_mf10000_minimal      0.801683      0.818718
2026-05-04 21:56:48,324  INFO      Best: G5_CNG_combined_c46_wmf10000_cmf10000  (val_f1_macro=0.8124)
2026-05-04 21:57:15,401  INFO      ========================================================
2026-05-04 21:57:15,401  INFO      BEST (char_ngram): G5_CNG_combined_c46_wmf10000_cmf10000
2026-05-04 21:57:15,401  INFO        val F1-macro  = 0.8124
2026-05-04 21:57:15,401  INFO        test accuracy = 0.8303
2026-05-04 21:57:15,401  INFO        test F1-macro = 0.8146
2026-05-04 21:57:15,401  INFO      ========================================================
2026-05-04 21:57:15,411  INFO      Classification report:
              precision    recall  f1-score   support

     FoxNews       0.85      0.88      0.87     12276
         NBC       0.78      0.74      0.76      7054

    accuracy                           0.83     19330
   macro avg       0.82      0.81      0.81     19330
weighted avg       0.83      0.83      0.83     19330

2026-05-04 21:57:15,720  INFO      Saved model : C:\Users\maxwe\PromProjects\news-source-classification\models\char_ngram_best.joblib
2026-05-04 21:57:15,721  INFO      Saved meta  : C:\Users\maxwe\PromProjects\news-source-classification\models\char_ngram_best_metadata.json
