2026-05-04 22:01:30,243  INFO      Running 7 configs for 'voting_ensemble'.
2026-05-04 22:04:07,410  INFO      
Top 5 by val_f1_macro:
                          name  val_f1_macro  val_accuracy
 Vote_4way_word_char_mnb_style      0.804097      0.815562
    Vote_4way_diverse_features      0.796141      0.808112
Vote_4way_word_char_mnb_calSVM      0.795834      0.808112
      Vote_3way_weighted_2_1_1      0.793380      0.805732
     Vote_3way_word_char_style      0.792125      0.813596
2026-05-04 22:04:07,411  INFO      Best: Vote_4way_word_char_mnb_style  (val_f1_macro=0.8041)
2026-05-04 22:04:38,692  INFO      ========================================================
2026-05-04 22:04:38,704  INFO      BEST (voting_ensemble): Vote_4way_word_char_mnb_style
2026-05-04 22:04:38,704  INFO        val F1-macro  = 0.8041
2026-05-04 22:04:38,706  INFO        test accuracy = 0.8124
2026-05-04 22:04:38,706  INFO        test F1-macro = 0.8014
2026-05-04 22:04:38,707  INFO      ========================================================
2026-05-04 22:04:38,714  INFO      Classification report:
              precision    recall  f1-score   support

     FoxNews       0.87      0.82      0.85     12276
         NBC       0.72      0.79      0.75      7054

    accuracy                           0.81     19330
   macro avg       0.80      0.81      0.80     19330
weighted avg       0.82      0.81      0.81     19330

2026-05-04 22:04:39,178  INFO      Saved model : C:\Users\maxwe\PromProjects\news-source-classification\models\voting_ensemble_best.joblib
2026-05-04 22:04:39,179  INFO      Saved meta  : C:\Users\maxwe\PromProjects\news-source-classification\models\voting_ensemble_best_metadata.json
2026-05-06 05:05:37,447  INFO      Running 7 configs for 'voting_ensemble'.
2026-05-06 05:05:44,877  INFO      
Top 5 by val_f1_macro:
                          name  val_f1_macro  val_accuracy
     Vote_3way_word_char_style      0.768065      0.770000
           Vote_2way_word_char      0.739566      0.742000
Vote_4way_word_char_mnb_calSVM      0.738485      0.740667
 Vote_4way_word_char_mnb_style      0.738093      0.740000
      Vote_3way_weighted_2_1_1      0.736501      0.738667
2026-05-06 05:05:44,878  INFO      Best: Vote_3way_word_char_style  (val_f1_macro=0.7681)
2026-05-06 05:05:46,055  INFO      ========================================================
2026-05-06 05:05:46,055  INFO      BEST (voting_ensemble): Vote_3way_word_char_style
2026-05-06 05:05:46,055  INFO        val F1-macro  = 0.7681
2026-05-06 05:05:46,055  INFO        test accuracy = 0.7975
2026-05-06 05:05:46,056  INFO        test F1-macro = 0.7959
2026-05-06 05:05:46,056  INFO      ========================================================
2026-05-06 05:05:46,059  INFO      Classification report:
              precision    recall  f1-score   support

     FoxNews       0.79      0.84      0.81       789
         NBC       0.81      0.75      0.78       712

    accuracy                           0.80      1501
   macro avg       0.80      0.80      0.80      1501
weighted avg       0.80      0.80      0.80      1501

2026-05-06 05:05:46,141  INFO      Saved model : C:\Users\maxwe\PromProjects\news-source-classification\models\voting_ensemble_best.joblib
2026-05-06 05:05:46,142  INFO      Saved meta  : C:\Users\maxwe\PromProjects\news-source-classification\models\voting_ensemble_best_metadata.json
