2026-05-04 21:47:30,140  INFO      Running 22 configs for 'tfidf_svm'.
2026-05-04 21:49:14,637  INFO      
Top 5 by val_f1_macro:
                  name  val_f1_macro  val_accuracy
 G2_SVM_w12_mf20000_C1      0.793679      0.811009
 G2_SVM_w12_mf10000_C1      0.785723      0.804025
G1_SVM_w12_mf5000_C0.5      0.777511      0.798024
  G2_SVM_w12_mf5000_C1      0.776878      0.796989
  G3_SVM_w12_mf5000_C1      0.776878      0.796989
2026-05-04 21:49:14,637  INFO      Best: G2_SVM_w12_mf20000_C1  (val_f1_macro=0.7937)
2026-05-04 21:49:21,037  INFO      ========================================================
2026-05-04 21:49:21,040  INFO      BEST (tfidf_svm): G2_SVM_w12_mf20000_C1
2026-05-04 21:49:21,040  INFO        val F1-macro  = 0.7937
2026-05-04 21:49:21,040  INFO        test accuracy = 0.8133
2026-05-04 21:49:21,040  INFO        test F1-macro = 0.7973
2026-05-04 21:49:21,040  INFO      ========================================================
2026-05-04 21:49:21,050  INFO      Classification report:
              precision    recall  f1-score   support

     FoxNews       0.85      0.86      0.85     12276
         NBC       0.75      0.73      0.74      7054

    accuracy                           0.81     19330
   macro avg       0.80      0.80      0.80     19330
weighted avg       0.81      0.81      0.81     19330

2026-05-04 21:49:21,366  INFO      Saved model : C:\Users\maxwe\PromProjects\news-source-classification\models\tfidf_svm_best.joblib
2026-05-04 21:49:21,366  INFO      Saved meta  : C:\Users\maxwe\PromProjects\news-source-classification\models\tfidf_svm_best_metadata.json
