2026-05-06 11:58:32,446  INFO      Running 28 configs for 'gbdt'.
2026-05-06 12:18:21,542  INFO      
Top 5 by val_f1_macro:
                                            name  val_f1_macro  val_accuracy
                 GBDT_word12_char36_mf5000_style      0.772734      0.773333
                 GBDT_word12_char46_mf5000_style      0.770576      0.771000
                 GBDT_word12_char35_mf5000_style      0.769765      0.770333
         GBDT_word12_mf5000_style_lr0.05_iter500      0.746408      0.747000
GBDT_XGB_cuda_word12_mf5000_style_d5_n450_lr0.04      0.746269      0.747000
2026-05-06 12:18:21,543  INFO      Best: GBDT_word12_char36_mf5000_style  (val_f1_macro=0.7727)
2026-05-06 12:20:10,330  INFO      ========================================================
2026-05-06 12:20:10,331  INFO      BEST (gbdt): GBDT_word12_char36_mf5000_style
2026-05-06 12:20:10,331  INFO        val F1-macro  = 0.7727
2026-05-06 12:20:10,331  INFO        test accuracy = 0.7624
2026-05-06 12:20:10,331  INFO        test F1-macro = 0.7620
2026-05-06 12:20:10,331  INFO      ========================================================
2026-05-06 12:20:10,344  INFO      Classification report:
              precision    recall  f1-score   support

     FoxNews       0.78      0.77      0.77      1577
         NBC       0.75      0.76      0.75      1424

    accuracy                           0.76      3001
   macro avg       0.76      0.76      0.76      3001
weighted avg       0.76      0.76      0.76      3001

2026-05-06 12:21:01,082  INFO      Running 28 configs for 'gbdt'.
2026-05-06 12:42:20,217  INFO      
Top 5 by val_f1_macro:
                                            name  val_f1_macro  val_accuracy
                 GBDT_word12_char36_mf5000_style      0.772734      0.773333
                 GBDT_word12_char46_mf5000_style      0.770576      0.771000
                 GBDT_word12_char35_mf5000_style      0.769765      0.770333
         GBDT_word12_mf5000_style_lr0.05_iter500      0.746408      0.747000
GBDT_XGB_cuda_word12_mf5000_style_d5_n450_lr0.04      0.746269      0.747000
2026-05-06 12:42:20,218  INFO      Best: GBDT_word12_char36_mf5000_style  (val_f1_macro=0.7727)
2026-05-06 12:44:14,806  INFO      ========================================================
2026-05-06 12:44:14,807  INFO      BEST (gbdt): GBDT_word12_char36_mf5000_style
2026-05-06 12:44:14,807  INFO        val F1-macro  = 0.7727
2026-05-06 12:44:14,807  INFO        test accuracy = 0.7624
2026-05-06 12:44:14,808  INFO        test F1-macro = 0.7620
2026-05-06 12:44:14,808  INFO      ========================================================
2026-05-06 12:44:14,822  INFO      Classification report:
              precision    recall  f1-score   support

     FoxNews       0.78      0.77      0.77      1577
         NBC       0.75      0.76      0.75      1424

    accuracy                           0.76      3001
   macro avg       0.76      0.76      0.76      3001
weighted avg       0.76      0.76      0.76      3001

2026-05-06 12:44:15,596  INFO      Saved model : C:\Users\maxwe\PromProjects\news-source-classification\models\gbdt_best.joblib
2026-05-06 12:44:15,596  INFO      Saved meta  : C:\Users\maxwe\PromProjects\news-source-classification\models\gbdt_best_metadata.json
